[debug] [2018-03-07T08:30:46.362Z] ----------------------------------------------------------------------
[debug] [2018-03-07T08:30:46.364Z] Command:       /usr/local/Cellar/node/9.5.0/bin/node /usr/local/bin/firebase deploy
[debug] [2018-03-07T08:30:46.364Z] CLI Version:   3.17.4
[debug] [2018-03-07T08:30:46.364Z] Platform:      darwin
[debug] [2018-03-07T08:30:46.364Z] Node Version:  v9.5.0
[debug] [2018-03-07T08:30:46.365Z] Time:          Wed Mar 07 2018 00:30:46 GMT-0800 (PST)
[debug] [2018-03-07T08:30:46.365Z] ----------------------------------------------------------------------
[debug] 
[debug] [2018-03-07T08:30:46.376Z] > command requires scopes: ["email","openid","https://www.googleapis.com/auth/cloudplatformprojects.readonly","https://www.googleapis.com/auth/firebase","https://www.googleapis.com/auth/cloud-platform"]
[debug] [2018-03-07T08:30:46.376Z] > authorizing via signed-in user
[debug] [2018-03-07T08:30:46.377Z] > refreshing access token with scopes: ["email","https://www.googleapis.com/auth/cloud-platform","https://www.googleapis.com/auth/cloudplatformprojects.readonly","https://www.googleapis.com/auth/firebase","openid"]
[debug] [2018-03-07T08:30:46.378Z] >>> HTTP REQUEST POST https://www.googleapis.com/oauth2/v3/token  
 { refresh_token: '1/McBrhySV6PnI2eineQUhyOx6FTu1gWo3tlSq7vAb7-m6h3rRoRsv_4wwBwPNG_2G',
  client_id: '563584335869-fgrhgmd47bqnekij5i8b5pr03ho849e6.apps.googleusercontent.com',
  client_secret: 'j9iVZfS8kkCEFUPaAeJV0sAi',
  grant_type: 'refresh_token',
  scope: 'email https://www.googleapis.com/auth/cloud-platform https://www.googleapis.com/auth/cloudplatformprojects.readonly https://www.googleapis.com/auth/firebase openid' } 
 Wed Mar 07 2018 00:30:46 GMT-0800 (PST)
[debug] [2018-03-07T08:30:46.558Z] <<< HTTP RESPONSE 200
[debug] [2018-03-07T08:30:46.573Z] >>> HTTP REQUEST GET https://admin.firebase.com/v1/projects/fir-tests-757aa  
  
 Wed Mar 07 2018 00:30:46 GMT-0800 (PST)
[debug] [2018-03-07T08:30:47.626Z] <<< HTTP RESPONSE 200
[debug] [2018-03-07T08:30:47.627Z] >>> HTTP REQUEST GET https://admin.firebase.com/v1/database/fir-tests-757aa/tokens  
  
 Wed Mar 07 2018 00:30:47 GMT-0800 (PST)
[debug] [2018-03-07T12:27:32.073Z] ----------------------------------------------------------------------
[debug] [2018-03-07T12:27:32.075Z] Command:       /usr/local/Cellar/node/9.5.0/bin/node /usr/local/bin/firebase deploy
[debug] [2018-03-07T12:27:32.075Z] CLI Version:   3.17.4
[debug] [2018-03-07T12:27:32.075Z] Platform:      darwin
[debug] [2018-03-07T12:27:32.075Z] Node Version:  v9.5.0
[debug] [2018-03-07T12:27:32.075Z] Time:          Wed Mar 07 2018 04:27:32 GMT-0800 (PST)
[debug] [2018-03-07T12:27:32.075Z] ----------------------------------------------------------------------
[debug] 
[debug] [2018-03-07T12:27:32.088Z] > command requires scopes: ["email","openid","https://www.googleapis.com/auth/cloudplatformprojects.readonly","https://www.googleapis.com/auth/firebase","https://www.googleapis.com/auth/cloud-platform"]
[debug] [2018-03-07T12:27:32.088Z] > authorizing via signed-in user
[debug] [2018-03-07T12:27:32.091Z] > refreshing access token with scopes: ["email","https://www.googleapis.com/auth/cloud-platform","https://www.googleapis.com/auth/cloudplatformprojects.readonly","https://www.googleapis.com/auth/firebase","openid"]
[debug] [2018-03-07T12:27:32.091Z] >>> HTTP REQUEST POST https://www.googleapis.com/oauth2/v3/token  
 { refresh_token: '1/McBrhySV6PnI2eineQUhyOx6FTu1gWo3tlSq7vAb7-m6h3rRoRsv_4wwBwPNG_2G',
  client_id: '563584335869-fgrhgmd47bqnekij5i8b5pr03ho849e6.apps.googleusercontent.com',
  client_secret: 'j9iVZfS8kkCEFUPaAeJV0sAi',
  grant_type: 'refresh_token',
  scope: 'email https://www.googleapis.com/auth/cloud-platform https://www.googleapis.com/auth/cloudplatformprojects.readonly https://www.googleapis.com/auth/firebase openid' } 
 Wed Mar 07 2018 04:27:32 GMT-0800 (PST)
[debug] [2018-03-07T12:27:32.274Z] <<< HTTP RESPONSE 200
[debug] [2018-03-07T12:27:32.289Z] >>> HTTP REQUEST GET https://admin.firebase.com/v1/projects/fir-tests-757aa  
  
 Wed Mar 07 2018 04:27:32 GMT-0800 (PST)
[debug] [2018-03-07T12:27:34.605Z] <<< HTTP RESPONSE 200
[debug] [2018-03-07T12:27:34.606Z] >>> HTTP REQUEST GET https://admin.firebase.com/v1/database/fir-tests-757aa/tokens  
  
 Wed Mar 07 2018 04:27:34 GMT-0800 (PST)
